[
  {
    "line": 1,
    "elements": [
      {
        "before": [
          {
            "result": {
              "duration": 27444167624,
              "status": "passed"
            },
            "match": {
              "location": "StartingSteps.startAppiumServer()"
            }
          }
        ],
        "line": 4,
        "name": "As a User I should be able to select English as my preferred language",
        "description": "",
        "id": "as-a-user-i-should-be-able-to-select-a-language-after-installing-the-app;as-a-user-i-should-be-able-to-select-english-as-my-preferred-language",
        "after": [
          {
            "result": {
              "duration": 1772752664,
              "status": "passed"
            },
            "match": {
              "location": "StartingSteps.stopAppiumServer(Scenario)"
            }
          }
        ],
        "type": "scenario",
        "keyword": "Scenario",
        "steps": [
          {
            "result": {
              "duration": 2266964044,
              "status": "passed"
            },
            "line": 5,
            "name": "user selects the language as English",
            "match": {
              "location": "SelectLanguageSteps.user_selects_language_as_English()"
            },
            "keyword": "When "
          },
          {
            "result": {
              "duration": 2142227528,
              "status": "passed"
            },
            "line": 6,
            "name": "user clicks on continue button",
            "match": {
              "location": "SelectLanguageSteps.user_clicks_on_continue_btn()"
            },
            "keyword": "And "
          },
          {
            "result": {
              "duration": 42686634478,
              "error_message": "org.openqa.selenium.TimeoutException: Expected condition failed: waiting for visibility of Proxy element for: DefaultElementLocator \u0027By.id: text1\u0027 (tried for 10 second(s) with 500 MILLISECONDS interval)\n\tat org.openqa.selenium.support.ui.WebDriverWait.timeoutException(WebDriverWait.java:82)\n\tat org.openqa.selenium.support.ui.FluentWait.until(FluentWait.java:231)\n\tat pages.BasePage.waitForElementDisplay(BasePage.java:27)\n\tat pages.Login.verifyLoginScreen(Login.java:35)\n\tat steps.LoginSteps.user_should_be_able_to_see_login_screen(LoginSteps.java:17)\n\tat âœ½.Then user should be able to see Login Screen(Sample.feature:7)\nCaused by: org.openqa.selenium.NoSuchElementException: An element could not be located on the page using the given search parameters. (WARNING: The server did not provide any stacktrace information)\nCommand duration or timeout: 0 milliseconds\nFor documentation on this error, please visit: http://seleniumhq.org/exceptions/no_such_element.html\nBuild info: version: \u00273.6.0\u0027, revision: \u00276fbf3ec767\u0027, time: \u00272017-09-27T15:28:36.4Z\u0027\nSystem info: host: \u0027Purushothams-MacBook-Pro.local\u0027, ip: \u0027fe80:0:0:0:47d:de31:4cf9:48f0%en0\u0027, os.name: \u0027Mac OS X\u0027, os.arch: \u0027x86_64\u0027, os.version: \u002710.13.1\u0027, java.version: \u00271.8.0_151\u0027\nDriver info: io.appium.java_client.AppiumDriver\nCapabilities [{appPackage\u003dnet.one97.paytm, clearSystemFiles\u003dtrue, deviceName\u003demulator-5554, avd\u003dgoogle_2, platform\u003dLINUX, deviceUDID\u003demulator-5554, desired\u003d{app\u003dapp/Paytm_net.one97.paytm.apk, appium-version\u003d1.7.1, clearSystemFiles\u003dtrue, newCommandTimeout\u003d120, platformName\u003dAndroid, deviceName\u003dGoogle_Nexus_5X, avd\u003dgoogle_2, avdReadyTimeout\u003d120000}, appium-version\u003d1.7.1, newCommandTimeout\u003d120, platformVersion\u003d6.0, webStorageEnabled\u003dfalse, takesScreenshot\u003dtrue, javascriptEnabled\u003dtrue, deviceManufacturer\u003dunknown, platformName\u003dLINUX, app\u003dapp/Paytm_net.one97.paytm.apk, deviceScreenSize\u003d320x480, networkConnectionEnabled\u003dtrue, warnings\u003d{}, appWaitPackage\u003dnet.one97.paytm, appWaitActivity\u003dnet.one97.paytm.AJRJarvisSplash, databaseEnabled\u003dfalse, appActivity\u003dnet.one97.paytm.AJRJarvisSplash, locationContextEnabled\u003dfalse, deviceModel\u003dAndroid SDK built for x86, avdReadyTimeout\u003d120000}]\nSession ID: 495d4416-03a4-4f39-b3e6-704ce4faba41\n*** Element info: {Using\u003did, value\u003dtext1}\n\tat sun.reflect.NativeConstructorAccessorImpl.newInstance0(Native Method)\n\tat sun.reflect.NativeConstructorAccessorImpl.newInstance(NativeConstructorAccessorImpl.java:62)\n\tat sun.reflect.DelegatingConstructorAccessorImpl.newInstance(DelegatingConstructorAccessorImpl.java:45)\n\tat java.lang.reflect.Constructor.newInstance(Constructor.java:423)\n\tat org.openqa.selenium.remote.ErrorHandler.createThrowable(ErrorHandler.java:214)\n\tat org.openqa.selenium.remote.ErrorHandler.throwIfResponseFailed(ErrorHandler.java:166)\n\tat org.openqa.selenium.remote.http.JsonHttpResponseCodec.reconstructValue(JsonHttpResponseCodec.java:40)\n\tat org.openqa.selenium.remote.http.AbstractHttpResponseCodec.decode(AbstractHttpResponseCodec.java:82)\n\tat org.openqa.selenium.remote.http.AbstractHttpResponseCodec.decode(AbstractHttpResponseCodec.java:45)\n\tat org.openqa.selenium.remote.HttpCommandExecutor.execute(HttpCommandExecutor.java:164)\n\tat io.appium.java_client.remote.AppiumCommandExecutor.execute(AppiumCommandExecutor.java:89)\n\tat org.openqa.selenium.remote.RemoteWebDriver.execute(RemoteWebDriver.java:586)\n\tat io.appium.java_client.DefaultGenericMobileDriver.execute(DefaultGenericMobileDriver.java:42)\n\tat io.appium.java_client.AppiumDriver.execute(AppiumDriver.java:1)\n\tat org.openqa.selenium.remote.RemoteWebDriver.findElement(RemoteWebDriver.java:356)\n\tat io.appium.java_client.DefaultGenericMobileDriver.findElement(DefaultGenericMobileDriver.java:62)\n\tat io.appium.java_client.AppiumDriver.findElement(AppiumDriver.java:1)\n\tat org.openqa.selenium.remote.RemoteWebDriver.findElementById(RemoteWebDriver.java:402)\n\tat io.appium.java_client.DefaultGenericMobileDriver.findElementById(DefaultGenericMobileDriver.java:70)\n\tat io.appium.java_client.AppiumDriver.findElementById(AppiumDriver.java:1)\n\tat org.openqa.selenium.By$ById.findElement(By.java:218)\n\tat org.openqa.selenium.remote.RemoteWebDriver.findElement(RemoteWebDriver.java:348)\n\tat io.appium.java_client.DefaultGenericMobileDriver.findElement(DefaultGenericMobileDriver.java:58)\n\tat io.appium.java_client.AppiumDriver.findElement(AppiumDriver.java:1)\n\tat org.openqa.selenium.support.pagefactory.DefaultElementLocator.findElement(DefaultElementLocator.java:69)\n\tat org.openqa.selenium.support.pagefactory.internal.LocatingElementHandler.invoke(LocatingElementHandler.java:38)\n\tat com.sun.proxy.$Proxy14.isDisplayed(Unknown Source)\n\tat org.openqa.selenium.support.ui.ExpectedConditions.elementIfVisible(ExpectedConditions.java:301)\n\tat org.openqa.selenium.support.ui.ExpectedConditions.access$100(ExpectedConditions.java:43)\n\tat org.openqa.selenium.support.ui.ExpectedConditions$10.apply(ExpectedConditions.java:287)\n\tat org.openqa.selenium.support.ui.ExpectedConditions$10.apply(ExpectedConditions.java:284)\n\tat org.openqa.selenium.support.ui.FluentWait.until(FluentWait.java:208)\n\tat pages.BasePage.waitForElementDisplay(BasePage.java:27)\n\tat pages.Login.verifyLoginScreen(Login.java:35)\n\tat steps.LoginSteps.user_should_be_able_to_see_login_screen(LoginSteps.java:17)\n\tat sun.reflect.NativeMethodAccessorImpl.invoke0(Native Method)\n\tat sun.reflect.NativeMethodAccessorImpl.invoke(NativeMethodAccessorImpl.java:62)\n\tat sun.reflect.DelegatingMethodAccessorImpl.invoke(DelegatingMethodAccessorImpl.java:43)\n\tat java.lang.reflect.Method.invoke(Method.java:498)\n\tat cucumber.runtime.Utils$1.call(Utils.java:40)\n\tat cucumber.runtime.Timeout.timeout(Timeout.java:16)\n\tat cucumber.runtime.Utils.invoke(Utils.java:34)\n\tat cucumber.runtime.java.JavaStepDefinition.execute(JavaStepDefinition.java:38)\n\tat cucumber.runtime.StepDefinitionMatch.runStep(StepDefinitionMatch.java:37)\n\tat cucumber.runtime.Runtime.runStep(Runtime.java:300)\n\tat cucumber.runtime.model.StepContainer.runStep(StepContainer.java:44)\n\tat cucumber.runtime.model.StepContainer.runSteps(StepContainer.java:39)\n\tat cucumber.runtime.model.CucumberScenario.run(CucumberScenario.java:44)\n\tat cucumber.runtime.model.CucumberFeature.run(CucumberFeature.java:165)\n\tat cucumber.runtime.Runtime.run(Runtime.java:122)\n\tat cucumber.api.cli.Main.run(Main.java:36)\n\tat cucumber.api.cli.Main.main(Main.java:18)\n",
              "status": "failed"
            },
            "line": 7,
            "name": "user should be able to see Login Screen",
            "match": {
              "location": "LoginSteps.user_should_be_able_to_see_login_screen()"
            },
            "keyword": "Then "
          },
          {
            "result": {
              "status": "skipped"
            },
            "line": 8,
            "name": "user skips the login",
            "match": {
              "location": "LoginSteps.user_skips_login()"
            },
            "keyword": "And "
          },
          {
            "result": {
              "status": "skipped"
            },
            "line": 9,
            "name": "user swipes to see broadband",
            "match": {
              "location": "DashboardSteps.user_swipes_to_see_broadband()"
            },
            "keyword": "And "
          },
          {
            "result": {
              "status": "skipped"
            },
            "line": 10,
            "name": "clicks on broadband",
            "match": {
              "location": "DashboardSteps.clicks_on_broadband()"
            },
            "keyword": "And "
          }
        ],
        "tags": [
          {
            "line": 3,
            "name": "@16Nov"
          }
        ]
      }
    ],
    "name": "As a user I should be able to select a Language after installing the app",
    "description": "",
    "id": "as-a-user-i-should-be-able-to-select-a-language-after-installing-the-app",
    "keyword": "Feature",
    "uri": "Sample.feature"
  }
]